#
# There is insufficient memory for the Java Runtime Environment to continue.
# Native memory allocation (mmap) failed to map 234881024 bytes for G1 virtual space
# Possible reasons:
#   The system is out of physical RAM or swap space
#   The process is running with CompressedOops enabled, and the Java Heap may be blocking the growth of the native heap
# Possible solutions:
#   Reduce memory load on the system
#   Increase physical memory or swap space
#   Check if swap backing store is full
#   Decrease Java heap size (-Xmx/-Xms)
#   Decrease number of Java threads
#   Decrease Java thread stack sizes (-Xss)
#   Set larger code cache with -XX:ReservedCodeCacheSize=
#   JVM is running with Zero Based Compressed Oops mode in which the Java heap is
#     placed in the first 32GB address space. The Java Heap base address is the
#     maximum limit for the native heap growth. Please use -XX:HeapBaseMinAddress
#     to set the Java Heap base and to place the Java Heap above 32GB virtual address.
# This output file may be truncated or incomplete.
#
#  Out of Memory Error (os_windows.cpp:3541), pid=3496, tid=13540
#
# JRE version:  (17.0.5+9) (build )
# Java VM: Java HotSpot(TM) 64-Bit Server VM (17.0.5+9-LTS-191, mixed mode, sharing, tiered, compressed oops, compressed class ptrs, g1 gc, windows-amd64)
# No core dump will be written. Minidumps are not enabled by default on client versions of Windows
#

---------------  S U M M A R Y ------------

Command Line: -Dclassworlds.conf=C:\Program Files\NetBeans-12.6\netbeans\java\maven\bin\..\bin\m2.conf -Dmaven.home=C:\Program Files\NetBeans-12.6\netbeans\java\maven\bin\.. -Dlibrary.jansi.path=C:\Program Files\NetBeans-12.6\netbeans\java\maven\bin\..\lib\jansi-native -Dmaven.multiModuleProjectDirectory=C:\Users\javeg\Desktop\videosparaelproyecto\proyectodecrud\crud_dao_login3 org.codehaus.plexus.classworlds.launcher.Launcher -Dmaven.ext.class.path=C:\Program Files\NetBeans-12.6\netbeans\java\maven-nblib\netbeans-eventspy.jar -Dfile.encoding=UTF-8 clean install

Host: AMD Ryzen 3 3200G with Radeon Vega Graphics    , 4 cores, 13G,  Windows 10 , 64 bit Build 19041 (10.0.19041.5198)
Time: Fri Jan 17 20:17:26 2025 Hora estándar romance elapsed time: 0.016285 seconds (0d 0h 0m 0s)

---------------  T H R E A D  ---------------

Current thread (0x0000025938a5b910):  JavaThread "Unknown thread" [_thread_in_vm, id=13540, stack(0x000000f7b3e00000,0x000000f7b3f00000)]

Stack: [0x000000f7b3e00000,0x000000f7b3f00000]
Native frames: (J=compiled Java code, j=interpreted, Vv=VM code, C=native code)
V  [jvm.dll+0x672eea]
V  [jvm.dll+0x7d2a04]
V  [jvm.dll+0x7d41ae]
V  [jvm.dll+0x7d4813]
V  [jvm.dll+0x242c15]
V  [jvm.dll+0x66fe09]
V  [jvm.dll+0x664682]
V  [jvm.dll+0x300e8b]
V  [jvm.dll+0x308426]
V  [jvm.dll+0x357ffe]
V  [jvm.dll+0x35822f]
V  [jvm.dll+0x2d80a8]
V  [jvm.dll+0x2d9014]
V  [jvm.dll+0x7a44e1]
V  [jvm.dll+0x365df1]
V  [jvm.dll+0x7838fc]
V  [jvm.dll+0x3e873f]
V  [jvm.dll+0x3ea1e1]
C  [jli.dll+0x527b]
C  [ucrtbase.dll+0x21bb2]
C  [KERNEL32.DLL+0x17374]
C  [ntdll.dll+0x4cc91]


---------------  P R O C E S S  ---------------

Threads class SMR info:
_java_thread_list=0x00007ffb1d57a8d8, length=0, elements={
}

Java Threads: ( => current thread )

Other Threads:
  0x0000025938abdb60 GCTaskThread "GC Thread#0" [stack: 0x000000f7b3f00000,0x000000f7b4000000] [id=13840]
  0x0000025938acc9e0 ConcurrentGCThread "G1 Main Marker" [stack: 0x000000f7b4000000,0x000000f7b4100000] [id=9676]
  0x0000025938acdb90 ConcurrentGCThread "G1 Conc#0" [stack: 0x000000f7b4100000,0x000000f7b4200000] [id=12236]

[error occurred during error reporting (printing all threads), id 0xc0000005, EXCEPTION_ACCESS_VIOLATION (0xc0000005) at pc=0x00007ffb1cdc8a97]

VM state: not at safepoint (not fully initialized)

VM Mutex/Monitor currently owned by a thread:  ([mutex/lock_event])
[0x0000025938a575b0] Heap_lock - owner thread: 0x0000025938a5b910

Heap address: 0x0000000720c00000, size: 3572 MB, Compressed Oops mode: Zero based, Oop shift amount: 3

CDS archive(s) mapped at: [0x0000000000000000-0x0000000000000000-0x0000000000000000), size 0, SharedBaseAddress: 0x0000000800000000, ArchiveRelocationMode: 0.
Narrow klass base: 0x0000000000000000, Narrow klass shift: 0, Narrow klass range: 0x0

GC Precious Log:
<Empty>

Heap:
 garbage-first heap   total 0K, used 0K [0x0000000720c00000, 0x0000000800000000)
  region size 2048K, 0 young (0K), 0 survivors (0K)

[error occurred during error reporting (printing heap information), id 0xc0000005, EXCEPTION_ACCESS_VIOLATION (0xc0000005) at pc=0x00007ffb1d1ac399]

GC Heap History (0 events):
No events

Deoptimization events (0 events):
No events

Classes unloaded (0 events):
No events

Classes redefined (0 events):
No events

Internal exceptions (0 events):
No events

VM Operations (0 events):
No events

Events (1 events):
Event: 0.008 Loaded shared library C:\Program Files\Java\jdk-17.0.5\bin\java.dll


Dynamic libraries:
0x00007ff775d90000 - 0x00007ff775da0000 	C:\Program Files\Java\jdk-17.0.5\bin\java.exe
0x00007ffb76d10000 - 0x00007ffb76f08000 	C:\WINDOWS\SYSTEM32\ntdll.dll
0x00007ffb74d30000 - 0x00007ffb74df2000 	C:\WINDOWS\System32\KERNEL32.DLL
0x00007ffb74430000 - 0x00007ffb7472f000 	C:\WINDOWS\System32\KERNELBASE.dll
0x00007ffb74950000 - 0x00007ffb74a50000 	C:\WINDOWS\System32\ucrtbase.dll
0x00007ffb6fc40000 - 0x00007ffb6fc5a000 	C:\Program Files\Java\jdk-17.0.5\bin\VCRUNTIME140.dll
0x00007ffb6fc80000 - 0x00007ffb6fc98000 	C:\Program Files\Java\jdk-17.0.5\bin\jli.dll
0x00007ffb75a20000 - 0x00007ffb75ad1000 	C:\WINDOWS\System32\ADVAPI32.dll
0x00007ffb75ae0000 - 0x00007ffb75b7e000 	C:\WINDOWS\System32\msvcrt.dll
0x00007ffb75d00000 - 0x00007ffb75d9f000 	C:\WINDOWS\System32\sechost.dll
0x00007ffb75bb0000 - 0x00007ffb75cd3000 	C:\WINDOWS\System32\RPCRT4.dll
0x00007ffb74c50000 - 0x00007ffb74c77000 	C:\WINDOWS\System32\bcrypt.dll
0x00007ffb756d0000 - 0x00007ffb7586d000 	C:\WINDOWS\System32\USER32.dll
0x00007ffb74cf0000 - 0x00007ffb74d12000 	C:\WINDOWS\System32\win32u.dll
0x00007ffb75620000 - 0x00007ffb7564b000 	C:\WINDOWS\System32\GDI32.dll
0x00007ffb62930000 - 0x00007ffb62bca000 	C:\WINDOWS\WinSxS\amd64_microsoft.windows.common-controls_6595b64144ccf1df_6.0.19041.4355_none_60b8b9eb71f62e16\COMCTL32.dll
0x00007ffb74780000 - 0x00007ffb74897000 	C:\WINDOWS\System32\gdi32full.dll
0x00007ffb74bb0000 - 0x00007ffb74c4d000 	C:\WINDOWS\System32\msvcp_win.dll
0x00007ffb6aba0000 - 0x00007ffb6abaa000 	C:\WINDOWS\SYSTEM32\VERSION.dll
0x00007ffb75b80000 - 0x00007ffb75baf000 	C:\WINDOWS\System32\IMM32.DLL
0x00007ffb6fc30000 - 0x00007ffb6fc3c000 	C:\Program Files\Java\jdk-17.0.5\bin\vcruntime140_1.dll
0x00007ffb5a990000 - 0x00007ffb5aa1d000 	C:\Program Files\Java\jdk-17.0.5\bin\msvcp140.dll
0x00007ffb1cae0000 - 0x00007ffb1d6a2000 	C:\Program Files\Java\jdk-17.0.5\bin\server\jvm.dll
0x00007ffb74d20000 - 0x00007ffb74d28000 	C:\WINDOWS\System32\PSAPI.DLL
0x00007ffb53230000 - 0x00007ffb53239000 	C:\WINDOWS\SYSTEM32\WSOCK32.dll
0x00007ffb6a950000 - 0x00007ffb6a977000 	C:\WINDOWS\SYSTEM32\WINMM.dll
0x00007ffb75f10000 - 0x00007ffb75f7b000 	C:\WINDOWS\System32\WS2_32.dll
0x00007ffb72240000 - 0x00007ffb72252000 	C:\WINDOWS\SYSTEM32\kernel.appcore.dll
0x00007ffb65e50000 - 0x00007ffb65e5a000 	C:\Program Files\Java\jdk-17.0.5\bin\jimage.dll
0x00007ffb6c6e0000 - 0x00007ffb6c8c4000 	C:\WINDOWS\SYSTEM32\DBGHELP.DLL
0x00007ffb66410000 - 0x00007ffb66444000 	C:\WINDOWS\SYSTEM32\dbgcore.DLL
0x00007ffb743a0000 - 0x00007ffb74422000 	C:\WINDOWS\System32\bcryptPrimitives.dll
0x00007ffb6f710000 - 0x00007ffb6f735000 	C:\Program Files\Java\jdk-17.0.5\bin\java.dll

dbghelp: loaded successfully - version: 4.0.5 - missing functions: none
symbol engine: initialized successfully - sym options: 0x614 - pdb path: .;C:\Program Files\Java\jdk-17.0.5\bin;C:\WINDOWS\SYSTEM32;C:\WINDOWS\WinSxS\amd64_microsoft.windows.common-controls_6595b64144ccf1df_6.0.19041.4355_none_60b8b9eb71f62e16;C:\Program Files\Java\jdk-17.0.5\bin\server

VM Arguments:
jvm_args: -Dclassworlds.conf=C:\Program Files\NetBeans-12.6\netbeans\java\maven\bin\..\bin\m2.conf -Dmaven.home=C:\Program Files\NetBeans-12.6\netbeans\java\maven\bin\.. -Dlibrary.jansi.path=C:\Program Files\NetBeans-12.6\netbeans\java\maven\bin\..\lib\jansi-native -Dmaven.multiModuleProjectDirectory=C:\Users\javeg\Desktop\videosparaelproyecto\proyectodecrud\crud_dao_login3 
java_command: org.codehaus.plexus.classworlds.launcher.Launcher -Dmaven.ext.class.path=C:\Program Files\NetBeans-12.6\netbeans\java\maven-nblib\netbeans-eventspy.jar -Dfile.encoding=UTF-8 clean install
java_class_path (initial): C:\Program Files\NetBeans-12.6\netbeans\java\maven\bin\..\boot\plexus-classworlds-2.6.0.jar
Launcher Type: SUN_STANDARD

[Global flags]
     intx CICompilerCount                          = 3                                         {product} {ergonomic}
     uint ConcGCThreads                            = 1                                         {product} {ergonomic}
     uint G1ConcRefinementThreads                  = 4                                         {product} {ergonomic}
   size_t G1HeapRegionSize                         = 2097152                                   {product} {ergonomic}
    uintx GCDrainStackTargetSize                   = 64                                        {product} {ergonomic}
   size_t InitialHeapSize                          = 234881024                                 {product} {ergonomic}
   size_t MarkStackSize                            = 4194304                                   {product} {ergonomic}
   size_t MaxHeapSize                              = 3745513472                                {product} {ergonomic}
   size_t MinHeapDeltaBytes                        = 2097152                                   {product} {ergonomic}
   size_t MinHeapSize                              = 8388608                                   {product} {ergonomic}
    uintx NonNMethodCodeHeapSize                   = 5832780                                {pd product} {ergonomic}
    uintx NonProfiledCodeHeapSize                  = 122912730                              {pd product} {ergonomic}
    uintx ProfiledCodeHeapSize                     = 122912730                              {pd product} {ergonomic}
    uintx ReservedCodeCacheSize                    = 251658240                              {pd product} {ergonomic}
     bool SegmentedCodeCache                       = true                                      {product} {ergonomic}
   size_t SoftMaxHeapSize                          = 3745513472                             {manageable} {ergonomic}
     bool UseCompressedClassPointers               = true                           {product lp64_product} {ergonomic}
     bool UseCompressedOops                        = true                           {product lp64_product} {ergonomic}
     bool UseG1GC                                  = true                                      {product} {ergonomic}
     bool UseLargePagesIndividualAllocation        = false                                  {pd product} {ergonomic}

Logging:
Log output configuration:
 #0: stdout all=warning uptime,level,tags
 #1: stderr all=off uptime,level,tags

Environment Variables:
JAVA_HOME=C:\Program Files\Java\jdk-17.0.5
PATH=C:\Program Files\Java\jdk-17.0.5\bin;C:\Program Files\Common Files\Oracle\Java\javapath;C:\Program Files (x86)\Common Files\Oracle\Java\java8path;C:\Program Files (x86)\Common Files\Oracle\Java\javapath;C:\Python39\;C:\Python39\Scripts\;C:\WINDOWS\system32;C:\WINDOWS;C:\WINDOWS\System32\Wbem;C:\WINDOWS\System32\WindowsPowerShell\v1.0\;C:\WINDOWS\System32\OpenSSH\;C:\ProgramData\chocolatey\bin;C:\Program Files\Git\cmd;C:\Users\javeg\anaconda3\Scripts;C:\Users\javeg\anaconda3;C:\Program Files\PuTTY\;C:\msys64\mingw64\bin;C:\TDM-GCC-64\bin;C:\Program Files\AutoFirma\AutoFirma;C:\Program Files\nodejs\;C:\Program Files\MongoDB\Server\7.0\bin;C:\Program Files\dotnet\;C:\Users\javeg\AppData\Local\Programs\Python\Python312\Scripts\;C:\Users\javeg\AppData\Local\Programs\Python\Python312\;C:\Program Files\MySQL\MySQL Shell 8.0\bin\;C:\Users\javeg\AppData\Local\Microsoft\WindowsApps;C:\Users\javeg\AppData\Local\Programs\Microsoft VS Code\bin;C:\Users\javeg\.android;C:\Users\javeg\.android\avd;C:\Users\javeg\AppData\Local\GitHubDesktop\bin;C:\qtjambi-win64-lgpl-4.5.2_01\bin;C:\Users\javeg\AppData\Local\Microsoft\WinGet\Packages\Schniz.fnm_Microsoft.Winget.Source_8wekyb3d8bbwe;C:\Users\javeg\AppData\Roaming\npm;C:\Program Files\MongoDB\Server\7.0\bin;C:\Users\javeg\.dotnet\tools
USERNAME=javeg
OS=Windows_NT
PROCESSOR_IDENTIFIER=AMD64 Family 23 Model 24 Stepping 1, AuthenticAMD



---------------  S Y S T E M  ---------------

OS:
 Windows 10 , 64 bit Build 19041 (10.0.19041.5198)
OS uptime: 0 days 2:08 hours

CPU: total 4 (initial active 4) (4 cores per cpu, 1 threads per core) family 23 model 24 stepping 1 microcode 0x0, cx8, cmov, fxsr, mmx, 3dnowpref, sse, sse2, sse3, ssse3, sse4a, sse4.1, sse4.2, popcnt, lzcnt, tsc, tscinvbit, avx, avx2, aes, clmul, bmi1, bmi2, adx, sha, fma, vzeroupper, clflush, clflushopt

Memory: 4k page, system-wide physical 14284M (3992M free)
TotalPageFile size 14284M (AvailPageFile size 161M)
current process WorkingSet (physical memory assigned to process): 10M, peak: 10M
current process commit charge ("private bytes"): 51M, peak: 275M

vm_info: Java HotSpot(TM) 64-Bit Server VM (17.0.5+9-LTS-191) for windows-amd64 JRE (17.0.5+9-LTS-191), built on Sep 13 2022 17:31:43 by "mach5one" with MS VC++ 16.8 / 16.9 (VS2019)

END.
